INFO |20/08/24 15:11:00.109|CAScimServerApplication|run|146|main|Cyberark SCIM Server starting up - Version:[1.2.0]...
INFO |20/08/24 15:11:00.109|CAScimServerApplication|run|148|main|Using Character Set: Cp1252
DEBUG|20/08/24 15:11:00.109|PACLI|pacliInit|498|main|PACLI ExecutionCommand : C:\CyberArk-SCIM\PACLI\PACLI
DEBUG|20/08/24 15:11:00.109|PACLI|execute|233|main|: Executing: TERM
DEBUG|20/08/24 15:11:02.391|PACLI|execute|302|main|output.ready and exitValue != 0 output.ready=true exitValue => 0 => TERM...
DEBUG|20/08/24 15:11:02.391|PACLI|execute|356|main|ERROR => Cannot communicate with PACLI server. Issue PACLI init. error code: 7
DEBUG|20/08/24 15:11:02.391|PACLI|execute|413|main|Finished PACLI execute [2282ms]: TERM
DEBUG|20/08/24 15:11:02.391|PACLI|pacliInit|504|main|Ignoring failure of PACLI TERM
DEBUG|20/08/24 15:11:02.391|PACLI|execute|233|main|: Executing: INIT
DEBUG|20/08/24 15:11:03.328|PACLI|execute|413|main|Finished PACLI execute [937ms]: INIT
ERROR|20/08/24 15:11:33.328|PACLI|pacliInit|518|main|AIM Error: class javapasswordsdk.exceptions.PSDKException: PDKTU006E Timeout has expired (Reason=[Recieve timed out], Connect=[15:11:03:328] Send=[15:11:03:328] Recieve=[15:11:03:328] Failure=[15:11:33:328])
INFO |20/08/24 15:17:24.251|CAScimServerApplication|run|146|main|Cyberark SCIM Server starting up - Version:[1.2.0]...
INFO |20/08/24 15:17:24.251|CAScimServerApplication|run|148|main|Using Character Set: Cp1252
DEBUG|20/08/24 15:17:24.251|PACLI|pacliInit|498|main|PACLI ExecutionCommand : C:\CyberArk-SCIM\PACLI\PACLI
DEBUG|20/08/24 15:17:24.251|PACLI|execute|233|main|: Executing: TERM
DEBUG|20/08/24 15:17:26.532|PACLI|execute|413|main|Finished PACLI execute [2281ms]: TERM
DEBUG|20/08/24 15:17:26.532|PACLI|execute|233|main|: Executing: INIT
DEBUG|20/08/24 15:17:27.469|PACLI|execute|413|main|Finished PACLI execute [937ms]: INIT
ERROR|20/08/24 15:17:27.485|PACLI|pacliInit|518|main|AIM Error: class javapasswordsdk.exceptions.PSDKException: APPAP004E Password object matching query [Object=SCIM-account;Folder=root;Safe=SCIM Config] was not found (Diagnostic Info: 9). Please check that there is a password object that answers your query in the Vault and that both the Provider and the application user have the appropriate permissions needed in order to use the password.
INFO |20/08/24 15:18:48.768|CAScimServerApplication|run|146|main|Cyberark SCIM Server starting up - Version:[1.2.0]...
INFO |20/08/24 15:18:48.768|CAScimServerApplication|run|148|main|Using Character Set: Cp1252
DEBUG|20/08/24 15:18:48.783|PACLI|pacliInit|498|main|PACLI ExecutionCommand : C:\CyberArk-SCIM\PACLI\PACLI
DEBUG|20/08/24 15:18:48.783|PACLI|execute|233|main|: Executing: TERM
DEBUG|20/08/24 15:18:51.049|PACLI|execute|413|main|Finished PACLI execute [2266ms]: TERM
DEBUG|20/08/24 15:18:51.049|PACLI|execute|233|main|: Executing: INIT
DEBUG|20/08/24 15:18:51.986|PACLI|execute|413|main|Finished PACLI execute [937ms]: INIT
ERROR|20/08/24 15:18:52.002|PACLI|pacliInit|518|main|AIM Error: class javapasswordsdk.exceptions.PSDKException: APPAP004E Password object matching query [Object=SCIM-account;Folder=root;Safe=SCIM Config] was not found (Diagnostic Info: 9). Please check that there is a password object that answers your query in the Vault and that both the Provider and the application user have the appropriate permissions needed in order to use the password.
INFO |20/08/24 15:19:23.377|CAScimServerApplication|run|146|main|Cyberark SCIM Server starting up - Version:[1.2.0]...
INFO |20/08/24 15:19:23.377|CAScimServerApplication|run|148|main|Using Character Set: Cp1252
DEBUG|20/08/24 15:19:23.377|PACLI|pacliInit|498|main|PACLI ExecutionCommand : C:\CyberArk-SCIM\PACLI\PACLI
DEBUG|20/08/24 15:19:23.377|PACLI|execute|233|main|: Executing: TERM
DEBUG|20/08/24 15:19:25.643|PACLI|execute|413|main|Finished PACLI execute [2266ms]: TERM
DEBUG|20/08/24 15:19:25.643|PACLI|execute|233|main|: Executing: INIT
DEBUG|20/08/24 15:19:26.580|PACLI|execute|413|main|Finished PACLI execute [937ms]: INIT
ERROR|20/08/24 15:19:26.596|PACLI|pacliInit|518|main|AIM Error: class javapasswordsdk.exceptions.PSDKException: APPAP004E Password object matching query [Object=SCIM-account;Folder=root;Safe=SCIM Config] was not found (Diagnostic Info: 9). Please check that there is a password object that answers your query in the Vault and that both the Provider and the application user have the appropriate permissions needed in order to use the password.
INFO |20/08/24 15:21:49.846|CAScimServerApplication|run|146|main|Cyberark SCIM Server starting up - Version:[1.2.0]...
INFO |20/08/24 15:21:49.846|CAScimServerApplication|run|148|main|Using Character Set: Cp1252
DEBUG|20/08/24 15:21:49.846|PACLI|pacliInit|498|main|PACLI ExecutionCommand : C:\CyberArk-SCIM\PACLI\PACLI
DEBUG|20/08/24 15:21:49.846|PACLI|execute|233|main|: Executing: TERM
DEBUG|20/08/24 15:21:52.112|PACLI|execute|413|main|Finished PACLI execute [2266ms]: TERM
DEBUG|20/08/24 15:21:52.112|PACLI|execute|233|main|: Executing: INIT
DEBUG|20/08/24 15:21:53.065|PACLI|execute|413|main|Finished PACLI execute [953ms]: INIT
DEBUG|20/08/24 15:21:53.143|PACLI|execute|233|main|: Executing: DEFINEFROMFILE VAULT="Vault" PARMFILE="C:\CyberArk-SCIM\Vault.ini"
DEBUG|20/08/24 15:21:53.205|PACLI|execute|413|main|Finished PACLI execute [62ms]: DEFINEFROMFILE VAULT="Vault" PARMFILE="C:\CyberArk-SCIM\Vault.ini"
DEBUG|20/08/24 15:21:53.205|PACLI|execute|233|main|: Executing: DEFAULT Vault="Vault" USER=SCIM-user
DEBUG|20/08/24 15:21:53.268|PACLI|execute|413|main|Finished PACLI execute [63ms]: DEFAULT Vault="Vault" USER=SCIM-user
DEBUG|20/08/24 15:21:53.284|PACLI|execute|233|main|: Executing: LOGON PASSWORD=**********
DEBUG|20/08/24 15:21:53.409|PACLI|execute|413|main|Finished PACLI execute [125ms]: LOGON PASSWORD=**********
DEBUG|20/08/24 15:21:53.409|PACLI|execute|233|main|: Executing: OPENSAFE SAFE="System"
DEBUG|20/08/24 15:21:53.471|PACLI|execute|413|main|Finished PACLI execute [62ms]: OPENSAFE SAFE="System"
DEBUG|20/08/24 15:21:53.471|PACLI|execute|233|main|: Executing: RETRIEVEFILE SAFE="System" FOLDER=Root FILE="license.xml" LOCALFOLDER="C:\CyberArk-SCIM\cache" LOCALFILE="license.xml" EVENIFLOCKED=YES
DEBUG|20/08/24 15:21:53.596|PACLI|execute|413|main|Finished PACLI execute [125ms]: RETRIEVEFILE SAFE="System" FOLDER=Root FILE="license.xml" LOCALFOLDER="C:\CyberArk-SCIM\cache" LOCALFILE="license.xml" EVENIFLOCKED=YES
DEBUG|20/08/24 15:21:53.627|PACLI|execute|233|main|: Executing: CLOSESAFE SAFE="System"
DEBUG|20/08/24 15:21:53.705|PACLI|execute|413|main|Finished PACLI execute [78ms]: CLOSESAFE SAFE="System"
DEBUG|20/08/24 15:21:53.705|PACLI|execute|233|main|: Executing: OPENSAFE SAFE="SCIM Config"
DEBUG|20/08/24 15:21:53.769|PACLI|execute|413|main|Finished PACLI execute [64ms]: OPENSAFE SAFE="SCIM Config"
DEBUG|20/08/24 15:21:53.769|PACLI|execute|233|main|: Executing: RETRIEVEFILE SAFE="SCIM Config" FOLDER=Root FILE="GlobalConfig.yml" LOCALFOLDER="C:\CyberArk-SCIM\cache" LOCALFILE="GlobalConfig.yml" EVENIFLOCKED=YES
DEBUG|20/08/24 15:21:53.893|PACLI|execute|413|main|Finished PACLI execute [124ms]: RETRIEVEFILE SAFE="SCIM Config" FOLDER=Root FILE="GlobalConfig.yml" LOCALFOLDER="C:\CyberArk-SCIM\cache" LOCALFILE="GlobalConfig.yml" EVENIFLOCKED=YES
DEBUG|20/08/24 15:21:53.893|CyberarkGlobal|loadConfigurationFromVault|338|main|loadded globalConfig => com.cyberark.scimserver.GlobalConfigFactory@73fe55f9
INFO |20/08/24 15:21:53.893|CyberarkGlobal|loadConfigurationFromVault|345|main|selfRemoveOnSafeCreation=false
INFO |20/08/24 15:21:53.893|CyberarkGlobal|loadConfigurationFromVault|346|main|groupToAddOnSafeCreation=null
DEBUG|20/08/24 15:21:53.893|PACLI|execute|233|main|: Executing: RETRIEVEFILE SAFE="SCIM Config" FOLDER=Root FILE="permissionsMap.yml" LOCALFOLDER="C:\CyberArk-SCIM\cache" LOCALFILE="permissionsMap.yml" EVENIFLOCKED=YES
DEBUG|20/08/24 15:21:54.002|PACLI|execute|302|main|output.ready and exitValue != 0 output.ready=true exitValue => 0 => RETRIEVEFILE SAFE="SCIM Config" FOLDER=Root FILE="...
DEBUG|20/08/24 15:21:54.002|PACLI|execute|356|main|ERROR => ITATS053E Object permissionsMap.yml doesn't exist.
DEBUG|20/08/24 15:21:54.002|PACLI|execute|413|main|Finished PACLI execute [109ms]: RETRIEVEFILE SAFE="SCIM Config" FOLDER=Root FILE="permissionsMap.yml" LOCALFOLDER="C:\CyberArk-SCIM\cache" LOCALFILE="permissionsMap.yml" EVENIFLOCKED=YES
DEBUG|20/08/24 15:21:54.002|CyberarkGlobal|loadConfigurationFromVault|373|main|No PermissionsMap Defined
DEBUG|20/08/24 15:21:54.205|PACLI|initialize|794|main|PACLI already initialized!
DEBUG|20/08/24 15:21:54.205|PACLI|initialize|795|main|Available Processors:16  MEMORY => Max:14 GB  Total:1384 MB  Free:1335 MB
DEBUG|20/08/24 15:21:59.096|RebuildCacheScheduler|doRun|99|pool-3-thread-1|On-Start CacheRefresh=900  AutoRefresh=true
INFO |20/08/24 15:21:59.096|RebuildCacheScheduler|doRun|113|pool-3-thread-1|Started Auto-Refresh
INFO |20/08/24 15:21:59.096|RebuildCacheScheduler|autoRefreshEndpoint|158|pool-3-thread-1|Refreshing Endpoint User
DEBUG|20/08/24 15:21:59.096|PACLI|execute|233|pool-3-thread-1|(useCache=true): Executing: USERSLIST USERPATTERN="*" OUTPUT(OEM,ENCLOSE,USERID,NAME,TYPE,LOCATION,TEMPLATE)
DEBUG|20/08/24 15:21:59.174|UserGroupService|lambda$getBlockToExecute$1|260|Thread-25|*** Group Members Number of Batches: 1
DEBUG|20/08/24 15:21:59.190|PACLI|execute|233|Thread-25|(useCache=true): Executing: GROUPMEMBERS GROUP="PSMAppUsers" OUTPUT(OEM,ENCLOSE,NAME) 
DEBUG|20/08/24 15:21:59.268|PACLI|execute|413|Thread-25|Finished PACLI execute [78ms]: GROUPMEMBERS GROUP="PSMAppUsers" OUTPUT(OEM,ENCLOSE,NAME) 
DEBUG|20/08/24 15:21:59.268|PACLI|execute|233|Thread-25|(useCache=true): Executing: GROUPMEMBERS GROUP="Operators" OUTPUT(OEM,ENCLOSE,NAME) 
DEBUG|20/08/24 15:21:59.346|PACLI|execute|413|Thread-25|Finished PACLI execute [78ms]: GROUPMEMBERS GROUP="Operators" OUTPUT(OEM,ENCLOSE,NAME) 
DEBUG|20/08/24 15:21:59.346|PACLI|execute|233|Thread-25|(useCache=true): Executing: GROUPMEMBERS GROUP="PVWAMonitor" OUTPUT(OEM,ENCLOSE,NAME) 
DEBUG|20/08/24 15:21:59.424|PACLI|execute|413|Thread-25|Finished PACLI execute [78ms]: GROUPMEMBERS GROUP="PVWAMonitor" OUTPUT(OEM,ENCLOSE,NAME) 
DEBUG|20/08/24 15:21:59.424|PACLI|execute|233|Thread-25|(useCache=true): Executing: GROUPMEMBERS GROUP="PVWAGWAccounts" OUTPUT(OEM,ENCLOSE,NAME) 
DEBUG|20/08/24 15:21:59.502|PACLI|execute|413|Thread-25|Finished PACLI execute [78ms]: GROUPMEMBERS GROUP="PVWAGWAccounts" OUTPUT(OEM,ENCLOSE,NAME) 
DEBUG|20/08/24 15:21:59.502|PACLI|execute|233|Thread-25|(useCache=true): Executing: GROUPMEMBERS GROUP="Vault Admins" OUTPUT(OEM,ENCLOSE,NAME) 
DEBUG|20/08/24 15:21:59.580|PACLI|execute|413|Thread-25|Finished PACLI execute [78ms]: GROUPMEMBERS GROUP="Vault Admins" OUTPUT(OEM,ENCLOSE,NAME) 
DEBUG|20/08/24 15:21:59.580|PACLI|execute|233|Thread-25|(useCache=true): Executing: GROUPMEMBERS GROUP="Backup Users" OUTPUT(OEM,ENCLOSE,NAME) 
DEBUG|20/08/24 15:21:59.659|PACLI|execute|413|Thread-25|Finished PACLI execute [79ms]: GROUPMEMBERS GROUP="Backup Users" OUTPUT(OEM,ENCLOSE,NAME) 
DEBUG|20/08/24 15:21:59.659|PACLI|execute|233|Thread-25|(useCache=true): Executing: GROUPMEMBERS GROUP="PSMMaster" OUTPUT(OEM,ENCLOSE,NAME) 
DEBUG|20/08/24 15:21:59.721|PACLI|execute|413|Thread-25|Finished PACLI execute [62ms]: GROUPMEMBERS GROUP="PSMMaster" OUTPUT(OEM,ENCLOSE,NAME) 
DEBUG|20/08/24 15:21:59.721|PACLI|execute|233|Thread-25|(useCache=true): Executing: GROUPMEMBERS GROUP="Notification Engines" OUTPUT(OEM,ENCLOSE,NAME) 
DEBUG|20/08/24 15:21:59.799|PACLI|execute|413|Thread-25|Finished PACLI execute [78ms]: GROUPMEMBERS GROUP="Notification Engines" OUTPUT(OEM,ENCLOSE,NAME) 
DEBUG|20/08/24 15:21:59.799|PACLI|execute|233|Thread-25|(useCache=true): Executing: GROUPMEMBERS GROUP="PSMLiveSessionTerminators" OUTPUT(OEM,ENCLOSE,NAME) 
DEBUG|20/08/24 15:21:59.862|PACLI|execute|413|Thread-25|Finished PACLI execute [63ms]: GROUPMEMBERS GROUP="PSMLiveSessionTerminators" OUTPUT(OEM,ENCLOSE,NAME) 
DEBUG|20/08/24 15:21:59.862|PACLI|execute|233|Thread-25|(useCache=true): Executing: GROUPMEMBERS GROUP="PVWAAppUsers" OUTPUT(OEM,ENCLOSE,NAME) 
DEBUG|20/08/24 15:21:59.940|PACLI|execute|413|Thread-25|Finished PACLI execute [78ms]: GROUPMEMBERS GROUP="PVWAAppUsers" OUTPUT(OEM,ENCLOSE,NAME) 
DEBUG|20/08/24 15:21:59.940|PACLI|execute|233|Thread-25|(useCache=true): Executing: GROUPMEMBERS GROUP="Auditors" OUTPUT(OEM,ENCLOSE,NAME) 
DEBUG|20/08/24 15:22:00.018|PACLI|execute|413|Thread-25|Finished PACLI execute [78ms]: GROUPMEMBERS GROUP="Auditors" OUTPUT(OEM,ENCLOSE,NAME) 
DEBUG|20/08/24 15:22:00.018|PACLI|execute|233|Thread-25|(useCache=true): Executing: GROUPMEMBERS GROUP="DR Users" OUTPUT(OEM,ENCLOSE,NAME) 
DEBUG|20/08/24 15:22:00.080|PACLI|execute|413|Thread-25|Finished PACLI execute [62ms]: GROUPMEMBERS GROUP="DR Users" OUTPUT(OEM,ENCLOSE,NAME) 
DEBUG|20/08/24 15:22:00.080|PACLI|execute|233|Thread-25|(useCache=true): Executing: GROUPMEMBERS GROUP="PVWAUsers" OUTPUT(OEM,ENCLOSE,NAME) 
DEBUG|20/08/24 15:22:00.159|PACLI|execute|413|Thread-25|Finished PACLI execute [79ms]: GROUPMEMBERS GROUP="PVWAUsers" OUTPUT(OEM,ENCLOSE,NAME) 
DEBUG|20/08/24 15:22:00.174|PACLI|execute|413|pool-3-thread-1|Finished PACLI execute [1078ms]: USERSLIST USERPATTERN="*" OUTPUT(OEM,ENCLOSE,USERID,NAME,TYPE,LOCATION,TEMPLATE)
DEBUG|20/08/24 15:22:00.174|UserGroupService|list|86|pool-3-thread-1|*** Number of Batches: 1
DEBUG|20/08/24 15:22:00.174|PACLI|execute|233|pool-3-thread-1|(useCache=true): Executing: USERDETAILS DESTUSER="Administrator" OUTPUT(RAW,ENCLOSE,NAME,FIRSTNAME,LASTNAME,MIDDLENAME,DISABLED,JOBTITLE,LDAPUSER,HEMAIL,BEMAIL,OEMAIL,HOMESTREET,HOMECITY,HOMESTATE,HOMECOUNTRY,HOMEZIP,WORKSTREET,WORKCITY,WORKSTATE,WORKCOUNTRY,WORKZIP,HOMEPHONE,WORKPHONE,CELLULAR,FAX,PAGER,ORGANIZATION,DEPARTMENT,LOCATION,PROFESSION,HOMEPAGE,USERAUTH,USERTYPEID,FROMHOUR,TOHOUR,EXPIRATIONDATE,LDAPDIRECTORY,LDAPFULLDN,TEMPLATE) 
DEBUG|20/08/24 15:22:00.252|PACLI|execute|413|pool-3-thread-1|Finished PACLI execute [78ms]: USERDETAILS DESTUSER="Administrator" OUTPUT(RAW,ENCLOSE,NAME,FIRSTNAME,LASTNAME,MIDDLENAME,DISABLED,JOBTITLE,LDAPUSER,HEMAIL,BEMAIL,OEMAIL,HOMESTREET,HOMECITY,HOMESTATE,HOMECOUNTRY,HOMEZIP,WORKSTREET,WORKCITY,WORKSTATE,WORKCOUNTRY,WORKZIP,HOMEPHONE,WORKPHONE,CELLULAR,FAX,PAGER,ORGANIZATION,DEPARTMENT,LOCATION,PROFESSION,HOMEPAGE,USERAUTH,USERTYPEID,FROMHOUR,TOHOUR,EXPIRATIONDATE,LDAPDIRECTORY,LDAPFULLDN,TEMPLATE) 
DEBUG|20/08/24 15:22:00.252|PACLI|execute|233|pool-3-thread-1|(useCache=true): Executing: USERDETAILS DESTUSER="EPMAgent" OUTPUT(RAW,ENCLOSE,NAME,FIRSTNAME,LASTNAME,MIDDLENAME,DISABLED,JOBTITLE,LDAPUSER,HEMAIL,BEMAIL,OEMAIL,HOMESTREET,HOMECITY,HOMESTATE,HOMECOUNTRY,HOMEZIP,WORKSTREET,WORKCITY,WORKSTATE,WORKCOUNTRY,WORKZIP,HOMEPHONE,WORKPHONE,CELLULAR,FAX,PAGER,ORGANIZATION,DEPARTMENT,LOCATION,PROFESSION,HOMEPAGE,USERAUTH,USERTYPEID,FROMHOUR,TOHOUR,EXPIRATIONDATE,LDAPDIRECTORY,LDAPFULLDN,TEMPLATE) 
DEBUG|20/08/24 15:22:00.330|PACLI|execute|413|pool-3-thread-1|Finished PACLI execute [78ms]: USERDETAILS DESTUSER="EPMAgent" OUTPUT(RAW,ENCLOSE,NAME,FIRSTNAME,LASTNAME,MIDDLENAME,DISABLED,JOBTITLE,LDAPUSER,HEMAIL,BEMAIL,OEMAIL,HOMESTREET,HOMECITY,HOMESTATE,HOMECOUNTRY,HOMEZIP,WORKSTREET,WORKCITY,WORKSTATE,WORKCOUNTRY,WORKZIP,HOMEPHONE,WORKPHONE,CELLULAR,FAX,PAGER,ORGANIZATION,DEPARTMENT,LOCATION,PROFESSION,HOMEPAGE,USERAUTH,USERTYPEID,FROMHOUR,TOHOUR,EXPIRATIONDATE,LDAPDIRECTORY,LDAPFULLDN,TEMPLATE) 
DEBUG|20/08/24 15:22:00.330|PACLI|execute|233|pool-3-thread-1|(useCache=true): Executing: USERDETAILS DESTUSER="PSMApp_2e54aa3" OUTPUT(RAW,ENCLOSE,NAME,FIRSTNAME,LASTNAME,MIDDLENAME,DISABLED,JOBTITLE,LDAPUSER,HEMAIL,BEMAIL,OEMAIL,HOMESTREET,HOMECITY,HOMESTATE,HOMECOUNTRY,HOMEZIP,WORKSTREET,WORKCITY,WORKSTATE,WORKCOUNTRY,WORKZIP,HOMEPHONE,WORKPHONE,CELLULAR,FAX,PAGER,ORGANIZATION,DEPARTMENT,LOCATION,PROFESSION,HOMEPAGE,USERAUTH,USERTYPEID,FROMHOUR,TOHOUR,EXPIRATIONDATE,LDAPDIRECTORY,LDAPFULLDN,TEMPLATE) 
DEBUG|20/08/24 15:22:00.409|PACLI|execute|413|pool-3-thread-1|Finished PACLI execute [79ms]: USERDETAILS DESTUSER="PSMApp_2e54aa3" OUTPUT(RAW,ENCLOSE,NAME,FIRSTNAME,LASTNAME,MIDDLENAME,DISABLED,JOBTITLE,LDAPUSER,HEMAIL,BEMAIL,OEMAIL,HOMESTREET,HOMECITY,HOMESTATE,HOMECOUNTRY,HOMEZIP,WORKSTREET,WORKCITY,WORKSTATE,WORKCOUNTRY,WORKZIP,HOMEPHONE,WORKPHONE,CELLULAR,FAX,PAGER,ORGANIZATION,DEPARTMENT,LOCATION,PROFESSION,HOMEPAGE,USERAUTH,USERTYPEID,FROMHOUR,TOHOUR,EXPIRATIONDATE,LDAPDIRECTORY,LDAPFULLDN,TEMPLATE) 
DEBUG|20/08/24 15:22:00.409|PACLI|execute|233|pool-3-thread-1|(useCache=true): Executing: USERDETAILS DESTUSER="PSMGw_2e54aa3" OUTPUT(RAW,ENCLOSE,NAME,FIRSTNAME,LASTNAME,MIDDLENAME,DISABLED,JOBTITLE,LDAPUSER,HEMAIL,BEMAIL,OEMAIL,HOMESTREET,HOMECITY,HOMESTATE,HOMECOUNTRY,HOMEZIP,WORKSTREET,WORKCITY,WORKSTATE,WORKCOUNTRY,WORKZIP,HOMEPHONE,WORKPHONE,CELLULAR,FAX,PAGER,ORGANIZATION,DEPARTMENT,LOCATION,PROFESSION,HOMEPAGE,USERAUTH,USERTYPEID,FROMHOUR,TOHOUR,EXPIRATIONDATE,LDAPDIRECTORY,LDAPFULLDN,TEMPLATE) 
DEBUG|20/08/24 15:22:00.487|PACLI|execute|413|pool-3-thread-1|Finished PACLI execute [78ms]: USERDETAILS DESTUSER="PSMGw_2e54aa3" OUTPUT(RAW,ENCLOSE,NAME,FIRSTNAME,LASTNAME,MIDDLENAME,DISABLED,JOBTITLE,LDAPUSER,HEMAIL,BEMAIL,OEMAIL,HOMESTREET,HOMECITY,HOMESTATE,HOMECOUNTRY,HOMEZIP,WORKSTREET,WORKCITY,WORKSTATE,WORKCOUNTRY,WORKZIP,HOMEPHONE,WORKPHONE,CELLULAR,FAX,PAGER,ORGANIZATION,DEPARTMENT,LOCATION,PROFESSION,HOMEPAGE,USERAUTH,USERTYPEID,FROMHOUR,TOHOUR,EXPIRATIONDATE,LDAPDIRECTORY,LDAPFULLDN,TEMPLATE) 
DEBUG|20/08/24 15:22:00.487|UserService|createDetailsResourceFromRecord|261|pool-3-thread-1|Skipping ignored group: PVWAGWAccounts
DEBUG|20/08/24 15:22:00.487|PACLI|execute|233|pool-3-thread-1|(useCache=true): Executing: USERDETAILS DESTUSER="PSMPApp_i-0c8e736d6350a4e41" OUTPUT(RAW,ENCLOSE,NAME,FIRSTNAME,LASTNAME,MIDDLENAME,DISABLED,JOBTITLE,LDAPUSER,HEMAIL,BEMAIL,OEMAIL,HOMESTREET,HOMECITY,HOMESTATE,HOMECOUNTRY,HOMEZIP,WORKSTREET,WORKCITY,WORKSTATE,WORKCOUNTRY,WORKZIP,HOMEPHONE,WORKPHONE,CELLULAR,FAX,PAGER,ORGANIZATION,DEPARTMENT,LOCATION,PROFESSION,HOMEPAGE,USERAUTH,USERTYPEID,FROMHOUR,TOHOUR,EXPIRATIONDATE,LDAPDIRECTORY,LDAPFULLDN,TEMPLATE) 
DEBUG|20/08/24 15:22:00.565|PACLI|execute|413|pool-3-thread-1|Finished PACLI execute [78ms]: USERDETAILS DESTUSER="PSMPApp_i-0c8e736d6350a4e41" OUTPUT(RAW,ENCLOSE,NAME,FIRSTNAME,LASTNAME,MIDDLENAME,DISABLED,JOBTITLE,LDAPUSER,HEMAIL,BEMAIL,OEMAIL,HOMESTREET,HOMECITY,HOMESTATE,HOMECOUNTRY,HOMEZIP,WORKSTREET,WORKCITY,WORKSTATE,WORKCOUNTRY,WORKZIP,HOMEPHONE,WORKPHONE,CELLULAR,FAX,PAGER,ORGANIZATION,DEPARTMENT,LOCATION,PROFESSION,HOMEPAGE,USERAUTH,USERTYPEID,FROMHOUR,TOHOUR,EXPIRATIONDATE,LDAPDIRECTORY,LDAPFULLDN,TEMPLATE) 
DEBUG|20/08/24 15:22:00.565|PACLI|execute|233|pool-3-thread-1|(useCache=true): Executing: USERDETAILS DESTUSER="PSMPGW_i-0c8e736d6350a4e41" OUTPUT(RAW,ENCLOSE,NAME,FIRSTNAME,LASTNAME,MIDDLENAME,DISABLED,JOBTITLE,LDAPUSER,HEMAIL,BEMAIL,OEMAIL,HOMESTREET,HOMECITY,HOMESTATE,HOMECOUNTRY,HOMEZIP,WORKSTREET,WORKCITY,WORKSTATE,WORKCOUNTRY,WORKZIP,HOMEPHONE,WORKPHONE,CELLULAR,FAX,PAGER,ORGANIZATION,DEPARTMENT,LOCATION,PROFESSION,HOMEPAGE,USERAUTH,USERTYPEID,FROMHOUR,TOHOUR,EXPIRATIONDATE,LDAPDIRECTORY,LDAPFULLDN,TEMPLATE) 
DEBUG|20/08/24 15:22:00.643|PACLI|execute|413|pool-3-thread-1|Finished PACLI execute [78ms]: USERDETAILS DESTUSER="PSMPGW_i-0c8e736d6350a4e41" OUTPUT(RAW,ENCLOSE,NAME,FIRSTNAME,LASTNAME,MIDDLENAME,DISABLED,JOBTITLE,LDAPUSER,HEMAIL,BEMAIL,OEMAIL,HOMESTREET,HOMECITY,HOMESTATE,HOMECOUNTRY,HOMEZIP,WORKSTREET,WORKCITY,WORKSTATE,WORKCOUNTRY,WORKZIP,HOMEPHONE,WORKPHONE,CELLULAR,FAX,PAGER,ORGANIZATION,DEPARTMENT,LOCATION,PROFESSION,HOMEPAGE,USERAUTH,USERTYPEID,FROMHOUR,TOHOUR,EXPIRATIONDATE,LDAPDIRECTORY,LDAPFULLDN,TEMPLATE) 
DEBUG|20/08/24 15:22:00.643|UserService|createDetailsResourceFromRecord|261|pool-3-thread-1|Skipping ignored group: PVWAGWAccounts
DEBUG|20/08/24 15:22:00.643|PACLI|execute|233|pool-3-thread-1|(useCache=true): Executing: USERDETAILS DESTUSER="Prov_EC2AMAZ-MVATEPH" OUTPUT(RAW,ENCLOSE,NAME,FIRSTNAME,LASTNAME,MIDDLENAME,DISABLED,JOBTITLE,LDAPUSER,HEMAIL,BEMAIL,OEMAIL,HOMESTREET,HOMECITY,HOMESTATE,HOMECOUNTRY,HOMEZIP,WORKSTREET,WORKCITY,WORKSTATE,WORKCOUNTRY,WORKZIP,HOMEPHONE,WORKPHONE,CELLULAR,FAX,PAGER,ORGANIZATION,DEPARTMENT,LOCATION,PROFESSION,HOMEPAGE,USERAUTH,USERTYPEID,FROMHOUR,TOHOUR,EXPIRATIONDATE,LDAPDIRECTORY,LDAPFULLDN,TEMPLATE) 
DEBUG|20/08/24 15:22:00.721|PACLI|execute|413|pool-3-thread-1|Finished PACLI execute [78ms]: USERDETAILS DESTUSER="Prov_EC2AMAZ-MVATEPH" OUTPUT(RAW,ENCLOSE,NAME,FIRSTNAME,LASTNAME,MIDDLENAME,DISABLED,JOBTITLE,LDAPUSER,HEMAIL,BEMAIL,OEMAIL,HOMESTREET,HOMECITY,HOMESTATE,HOMECOUNTRY,HOMEZIP,WORKSTREET,WORKCITY,WORKSTATE,WORKCOUNTRY,WORKZIP,HOMEPHONE,WORKPHONE,CELLULAR,FAX,PAGER,ORGANIZATION,DEPARTMENT,LOCATION,PROFESSION,HOMEPAGE,USERAUTH,USERTYPEID,FROMHOUR,TOHOUR,EXPIRATIONDATE,LDAPDIRECTORY,LDAPFULLDN,TEMPLATE) 
DEBUG|20/08/24 15:22:00.721|PACLI|execute|233|pool-3-thread-1|(useCache=true): Executing: USERDETAILS DESTUSER="AIMWebService" OUTPUT(RAW,ENCLOSE,NAME,FIRSTNAME,LASTNAME,MIDDLENAME,DISABLED,JOBTITLE,LDAPUSER,HEMAIL,BEMAIL,OEMAIL,HOMESTREET,HOMECITY,HOMESTATE,HOMECOUNTRY,HOMEZIP,WORKSTREET,WORKCITY,WORKSTATE,WORKCOUNTRY,WORKZIP,HOMEPHONE,WORKPHONE,CELLULAR,FAX,PAGER,ORGANIZATION,DEPARTMENT,LOCATION,PROFESSION,HOMEPAGE,USERAUTH,USERTYPEID,FROMHOUR,TOHOUR,EXPIRATIONDATE,LDAPDIRECTORY,LDAPFULLDN,TEMPLATE) 
DEBUG|20/08/24 15:22:00.799|PACLI|execute|413|pool-3-thread-1|Finished PACLI execute [78ms]: USERDETAILS DESTUSER="AIMWebService" OUTPUT(RAW,ENCLOSE,NAME,FIRSTNAME,LASTNAME,MIDDLENAME,DISABLED,JOBTITLE,LDAPUSER,HEMAIL,BEMAIL,OEMAIL,HOMESTREET,HOMECITY,HOMESTATE,HOMECOUNTRY,HOMEZIP,WORKSTREET,WORKCITY,WORKSTATE,WORKCOUNTRY,WORKZIP,HOMEPHONE,WORKPHONE,CELLULAR,FAX,PAGER,ORGANIZATION,DEPARTMENT,LOCATION,PROFESSION,HOMEPAGE,USERAUTH,USERTYPEID,FROMHOUR,TOHOUR,EXPIRATIONDATE,LDAPDIRECTORY,LDAPFULLDN,TEMPLATE) 
DEBUG|20/08/24 15:22:00.799|PACLI|execute|233|pool-3-thread-1|(useCache=true): Executing: USERDETAILS DESTUSER="testappid" OUTPUT(RAW,ENCLOSE,NAME,FIRSTNAME,LASTNAME,MIDDLENAME,DISABLED,JOBTITLE,LDAPUSER,HEMAIL,BEMAIL,OEMAIL,HOMESTREET,HOMECITY,HOMESTATE,HOMECOUNTRY,HOMEZIP,WORKSTREET,WORKCITY,WORKSTATE,WORKCOUNTRY,WORKZIP,HOMEPHONE,WORKPHONE,CELLULAR,FAX,PAGER,ORGANIZATION,DEPARTMENT,LOCATION,PROFESSION,HOMEPAGE,USERAUTH,USERTYPEID,FROMHOUR,TOHOUR,EXPIRATIONDATE,LDAPDIRECTORY,LDAPFULLDN,TEMPLATE) 
DEBUG|20/08/24 15:22:00.877|PACLI|execute|413|pool-3-thread-1|Finished PACLI execute [78ms]: USERDETAILS DESTUSER="testappid" OUTPUT(RAW,ENCLOSE,NAME,FIRSTNAME,LASTNAME,MIDDLENAME,DISABLED,JOBTITLE,LDAPUSER,HEMAIL,BEMAIL,OEMAIL,HOMESTREET,HOMECITY,HOMESTATE,HOMECOUNTRY,HOMEZIP,WORKSTREET,WORKCITY,WORKSTATE,WORKCOUNTRY,WORKZIP,HOMEPHONE,WORKPHONE,CELLULAR,FAX,PAGER,ORGANIZATION,DEPARTMENT,LOCATION,PROFESSION,HOMEPAGE,USERAUTH,USERTYPEID,FROMHOUR,TOHOUR,EXPIRATIONDATE,LDAPDIRECTORY,LDAPFULLDN,TEMPLATE) 
DEBUG|20/08/24 15:22:00.877|PACLI|execute|233|pool-3-thread-1|(useCache=true): Executing: USERDETAILS DESTUSER="outpostdr" OUTPUT(RAW,ENCLOSE,NAME,FIRSTNAME,LASTNAME,MIDDLENAME,DISABLED,JOBTITLE,LDAPUSER,HEMAIL,BEMAIL,OEMAIL,HOMESTREET,HOMECITY,HOMESTATE,HOMECOUNTRY,HOMEZIP,WORKSTREET,WORKCITY,WORKSTATE,WORKCOUNTRY,WORKZIP,HOMEPHONE,WORKPHONE,CELLULAR,FAX,PAGER,ORGANIZATION,DEPARTMENT,LOCATION,PROFESSION,HOMEPAGE,USERAUTH,USERTYPEID,FROMHOUR,TOHOUR,EXPIRATIONDATE,LDAPDIRECTORY,LDAPFULLDN,TEMPLATE) 
DEBUG|20/08/24 15:22:00.955|PACLI|execute|413|pool-3-thread-1|Finished PACLI execute [78ms]: USERDETAILS DESTUSER="outpostdr" OUTPUT(RAW,ENCLOSE,NAME,FIRSTNAME,LASTNAME,MIDDLENAME,DISABLED,JOBTITLE,LDAPUSER,HEMAIL,BEMAIL,OEMAIL,HOMESTREET,HOMECITY,HOMESTATE,HOMECOUNTRY,HOMEZIP,WORKSTREET,WORKCITY,WORKSTATE,WORKCOUNTRY,WORKZIP,HOMEPHONE,WORKPHONE,CELLULAR,FAX,PAGER,ORGANIZATION,DEPARTMENT,LOCATION,PROFESSION,HOMEPAGE,USERAUTH,USERTYPEID,FROMHOUR,TOHOUR,EXPIRATIONDATE,LDAPDIRECTORY,LDAPFULLDN,TEMPLATE) 
DEBUG|20/08/24 15:22:00.955|PACLI|execute|233|pool-3-thread-1|(useCache=true): Executing: USERDETAILS DESTUSER="SCIM-user" OUTPUT(RAW,ENCLOSE,NAME,FIRSTNAME,LASTNAME,MIDDLENAME,DISABLED,JOBTITLE,LDAPUSER,HEMAIL,BEMAIL,OEMAIL,HOMESTREET,HOMECITY,HOMESTATE,HOMECOUNTRY,HOMEZIP,WORKSTREET,WORKCITY,WORKSTATE,WORKCOUNTRY,WORKZIP,HOMEPHONE,WORKPHONE,CELLULAR,FAX,PAGER,ORGANIZATION,DEPARTMENT,LOCATION,PROFESSION,HOMEPAGE,USERAUTH,USERTYPEID,FROMHOUR,TOHOUR,EXPIRATIONDATE,LDAPDIRECTORY,LDAPFULLDN,TEMPLATE) 
DEBUG|20/08/24 15:22:01.034|PACLI|execute|413|pool-3-thread-1|Finished PACLI execute [79ms]: USERDETAILS DESTUSER="SCIM-user" OUTPUT(RAW,ENCLOSE,NAME,FIRSTNAME,LASTNAME,MIDDLENAME,DISABLED,JOBTITLE,LDAPUSER,HEMAIL,BEMAIL,OEMAIL,HOMESTREET,HOMECITY,HOMESTATE,HOMECOUNTRY,HOMEZIP,WORKSTREET,WORKCITY,WORKSTATE,WORKCOUNTRY,WORKZIP,HOMEPHONE,WORKPHONE,CELLULAR,FAX,PAGER,ORGANIZATION,DEPARTMENT,LOCATION,PROFESSION,HOMEPAGE,USERAUTH,USERTYPEID,FROMHOUR,TOHOUR,EXPIRATIONDATE,LDAPDIRECTORY,LDAPFULLDN,TEMPLATE) 
DEBUG|20/08/24 15:22:01.034|PACLI|execute|233|pool-3-thread-1|(useCache=true): Executing: USERDETAILS DESTUSER="SailPoint-user" OUTPUT(RAW,ENCLOSE,NAME,FIRSTNAME,LASTNAME,MIDDLENAME,DISABLED,JOBTITLE,LDAPUSER,HEMAIL,BEMAIL,OEMAIL,HOMESTREET,HOMECITY,HOMESTATE,HOMECOUNTRY,HOMEZIP,WORKSTREET,WORKCITY,WORKSTATE,WORKCOUNTRY,WORKZIP,HOMEPHONE,WORKPHONE,CELLULAR,FAX,PAGER,ORGANIZATION,DEPARTMENT,LOCATION,PROFESSION,HOMEPAGE,USERAUTH,USERTYPEID,FROMHOUR,TOHOUR,EXPIRATIONDATE,LDAPDIRECTORY,LDAPFULLDN,TEMPLATE) 
DEBUG|20/08/24 15:22:01.112|PACLI|execute|413|pool-3-thread-1|Finished PACLI execute [78ms]: USERDETAILS DESTUSER="SailPoint-user" OUTPUT(RAW,ENCLOSE,NAME,FIRSTNAME,LASTNAME,MIDDLENAME,DISABLED,JOBTITLE,LDAPUSER,HEMAIL,BEMAIL,OEMAIL,HOMESTREET,HOMECITY,HOMESTATE,HOMECOUNTRY,HOMEZIP,WORKSTREET,WORKCITY,WORKSTATE,WORKCOUNTRY,WORKZIP,HOMEPHONE,WORKPHONE,CELLULAR,FAX,PAGER,ORGANIZATION,DEPARTMENT,LOCATION,PROFESSION,HOMEPAGE,USERAUTH,USERTYPEID,FROMHOUR,TOHOUR,EXPIRATIONDATE,LDAPDIRECTORY,LDAPFULLDN,TEMPLATE) 
DEBUG|20/08/24 15:22:01.112|PACLI|execute|233|pool-3-thread-1|(useCache=true): Executing: USERDETAILS DESTUSER="cyberark-scim" OUTPUT(RAW,ENCLOSE,NAME,FIRSTNAME,LASTNAME,MIDDLENAME,DISABLED,JOBTITLE,LDAPUSER,HEMAIL,BEMAIL,OEMAIL,HOMESTREET,HOMECITY,HOMESTATE,HOMECOUNTRY,HOMEZIP,WORKSTREET,WORKCITY,WORKSTATE,WORKCOUNTRY,WORKZIP,HOMEPHONE,WORKPHONE,CELLULAR,FAX,PAGER,ORGANIZATION,DEPARTMENT,LOCATION,PROFESSION,HOMEPAGE,USERAUTH,USERTYPEID,FROMHOUR,TOHOUR,EXPIRATIONDATE,LDAPDIRECTORY,LDAPFULLDN,TEMPLATE) 
DEBUG|20/08/24 15:22:01.190|PACLI|execute|413|pool-3-thread-1|Finished PACLI execute [78ms]: USERDETAILS DESTUSER="cyberark-scim" OUTPUT(RAW,ENCLOSE,NAME,FIRSTNAME,LASTNAME,MIDDLENAME,DISABLED,JOBTITLE,LDAPUSER,HEMAIL,BEMAIL,OEMAIL,HOMESTREET,HOMECITY,HOMESTATE,HOMECOUNTRY,HOMEZIP,WORKSTREET,WORKCITY,WORKSTATE,WORKCOUNTRY,WORKZIP,HOMEPHONE,WORKPHONE,CELLULAR,FAX,PAGER,ORGANIZATION,DEPARTMENT,LOCATION,PROFESSION,HOMEPAGE,USERAUTH,USERTYPEID,FROMHOUR,TOHOUR,EXPIRATIONDATE,LDAPDIRECTORY,LDAPFULLDN,TEMPLATE) 
INFO |20/08/24 15:22:01.190|RebuildCacheScheduler|autoRefreshEndpoint|161|pool-3-thread-1|Total Results for Endpoint: 13   pagesize=200
INFO |20/08/24 15:22:01.190|RebuildCacheScheduler|autoRefreshEndpoint|170|pool-3-thread-1|Finished Endpoint User [2 secs, totalResults=13]
INFO |20/08/24 15:22:01.190|RebuildCacheScheduler|autoRefreshEndpoint|158|pool-3-thread-1|Refreshing Endpoint Group
DEBUG|20/08/24 15:22:01.190|PACLI|execute|210|pool-3-thread-1|==> Using Cache for USERSLIST USERPATTERN="*" OUTPUT(OEM,ENCLOSE,USERID,NAME,TYPE,LOCATION,TEMPLATE)
DEBUG|20/08/24 15:22:01.190|PACLI|execute|413|pool-3-thread-1|Finished PACLI execute [0ms]: USERSLIST USERPATTERN="*" OUTPUT(OEM,ENCLOSE,USERID,NAME,TYPE,LOCATION,TEMPLATE)
DEBUG|20/08/24 15:22:01.190|UserGroupService|list|86|pool-3-thread-1|*** Number of Batches: 1
DEBUG|20/08/24 15:22:01.190|PACLI|execute|233|pool-3-thread-1|(useCache=true): Executing: GROUPDETAILS GROUP="Auditors" OUTPUT(OEM,ENCLOSE,DESCRIPTION,LDAPFULLDN,LDAPDIRECTORY) 
DEBUG|20/08/24 15:22:01.268|PACLI|execute|413|pool-3-thread-1|Finished PACLI execute [78ms]: GROUPDETAILS GROUP="Auditors" OUTPUT(OEM,ENCLOSE,DESCRIPTION,LDAPFULLDN,LDAPDIRECTORY) 
DEBUG|20/08/24 15:22:01.268|GroupService|createDetailsResourceFromRecord|161|pool-3-thread-1|Skipping ignored user: Auditor
DEBUG|20/08/24 15:22:01.268|PACLI|execute|233|pool-3-thread-1|(useCache=true): Executing: GROUPDETAILS GROUP="Vault Admins" OUTPUT(OEM,ENCLOSE,DESCRIPTION,LDAPFULLDN,LDAPDIRECTORY) 
DEBUG|20/08/24 15:22:01.346|PACLI|execute|413|pool-3-thread-1|Finished PACLI execute [78ms]: GROUPDETAILS GROUP="Vault Admins" OUTPUT(OEM,ENCLOSE,DESCRIPTION,LDAPFULLDN,LDAPDIRECTORY) 
DEBUG|20/08/24 15:22:01.346|PACLI|execute|233|pool-3-thread-1|(useCache=true): Executing: GROUPDETAILS GROUP="PVWAMonitor" OUTPUT(OEM,ENCLOSE,DESCRIPTION,LDAPFULLDN,LDAPDIRECTORY) 
DEBUG|20/08/24 15:22:01.424|PACLI|execute|413|pool-3-thread-1|Finished PACLI execute [78ms]: GROUPDETAILS GROUP="PVWAMonitor" OUTPUT(OEM,ENCLOSE,DESCRIPTION,LDAPFULLDN,LDAPDIRECTORY) 
DEBUG|20/08/24 15:22:01.424|PACLI|execute|233|pool-3-thread-1|(useCache=true): Executing: GROUPDETAILS GROUP="PVWAUsers" OUTPUT(OEM,ENCLOSE,DESCRIPTION,LDAPFULLDN,LDAPDIRECTORY) 
DEBUG|20/08/24 15:22:01.487|PACLI|execute|413|pool-3-thread-1|Finished PACLI execute [63ms]: GROUPDETAILS GROUP="PVWAUsers" OUTPUT(OEM,ENCLOSE,DESCRIPTION,LDAPFULLDN,LDAPDIRECTORY) 
DEBUG|20/08/24 15:22:01.487|PACLI|execute|233|pool-3-thread-1|(useCache=true): Executing: GROUPDETAILS GROUP="PVWAAppUsers" OUTPUT(OEM,ENCLOSE,DESCRIPTION,LDAPFULLDN,LDAPDIRECTORY) 
DEBUG|20/08/24 15:22:01.565|PACLI|execute|413|pool-3-thread-1|Finished PACLI execute [78ms]: GROUPDETAILS GROUP="PVWAAppUsers" OUTPUT(OEM,ENCLOSE,DESCRIPTION,LDAPFULLDN,LDAPDIRECTORY) 
DEBUG|20/08/24 15:22:01.565|GroupService|createDetailsResourceFromRecord|161|pool-3-thread-1|Skipping ignored user: PVWAAppUser
DEBUG|20/08/24 15:22:01.565|PACLI|execute|233|pool-3-thread-1|(useCache=true): Executing: GROUPDETAILS GROUP="PSMMaster" OUTPUT(OEM,ENCLOSE,DESCRIPTION,LDAPFULLDN,LDAPDIRECTORY) 
DEBUG|20/08/24 15:22:01.627|PACLI|execute|413|pool-3-thread-1|Finished PACLI execute [62ms]: GROUPDETAILS GROUP="PSMMaster" OUTPUT(OEM,ENCLOSE,DESCRIPTION,LDAPFULLDN,LDAPDIRECTORY) 
DEBUG|20/08/24 15:22:01.627|PACLI|execute|233|pool-3-thread-1|(useCache=true): Executing: GROUPDETAILS GROUP="PSMAppUsers" OUTPUT(OEM,ENCLOSE,DESCRIPTION,LDAPFULLDN,LDAPDIRECTORY) 
DEBUG|20/08/24 15:22:01.705|PACLI|execute|413|pool-3-thread-1|Finished PACLI execute [78ms]: GROUPDETAILS GROUP="PSMAppUsers" OUTPUT(OEM,ENCLOSE,DESCRIPTION,LDAPFULLDN,LDAPDIRECTORY) 
DEBUG|20/08/24 15:22:01.705|PACLI|execute|233|pool-3-thread-1|(useCache=true): Executing: GROUPDETAILS GROUP="PSMLiveSessionTerminators" OUTPUT(OEM,ENCLOSE,DESCRIPTION,LDAPFULLDN,LDAPDIRECTORY) 
DEBUG|20/08/24 15:22:01.784|PACLI|execute|413|pool-3-thread-1|Finished PACLI execute [79ms]: GROUPDETAILS GROUP="PSMLiveSessionTerminators" OUTPUT(OEM,ENCLOSE,DESCRIPTION,LDAPFULLDN,LDAPDIRECTORY) 
INFO |20/08/24 15:22:01.784|RebuildCacheScheduler|autoRefreshEndpoint|161|pool-3-thread-1|Total Results for Endpoint: 8   pagesize=200
INFO |20/08/24 15:22:01.784|RebuildCacheScheduler|autoRefreshEndpoint|170|pool-3-thread-1|Finished Endpoint Group [0 secs, totalResults=8]
INFO |20/08/24 15:22:01.784|RebuildCacheScheduler|autoRefreshEndpoint|158|pool-3-thread-1|Refreshing Endpoint Containers
DEBUG|20/08/24 15:22:01.784|PACLI|execute|233|pool-3-thread-1|(useCache=true): Executing: SAFESLIST OUTPUT(OEM,ENCLOSE,NAME)
DEBUG|20/08/24 15:22:01.862|PACLI|execute|413|pool-3-thread-1|Finished PACLI execute [78ms]: SAFESLIST OUTPUT(OEM,ENCLOSE,NAME)
DEBUG|20/08/24 15:22:01.862|ContainerService|listWithoutSafeEquality|303|pool-3-thread-1|*** Number of Batches: 1
DEBUG|20/08/24 15:22:01.862|PACLI|execute|233|pool-3-thread-1|(useCache=true): Executing: SAFEDETAILS SAFE="VaultInternal" OUTPUT(OEM,ENCLOSE,DESCRIPTION,LOCATION,SUPPORTOLAC) 
DEBUG|20/08/24 15:22:01.940|PACLI|execute|413|pool-3-thread-1|Finished PACLI execute [78ms]: SAFEDETAILS SAFE="VaultInternal" OUTPUT(OEM,ENCLOSE,DESCRIPTION,LOCATION,SUPPORTOLAC) 
DEBUG|20/08/24 15:22:01.940|PACLI|execute|233|pool-3-thread-1|: Executing: FINDFILES SAFE="VaultInternal" FOLDER="Root" INCLUDESUBFOLDERS=YES DELETEDOPTION=WITHOUT_DELETED INCLUDEFILECATEGORIES=YES FILECATEGORYVALUESSEPARATOR="^" FILECATEGORIESSEPARATOR="~" OUTPUT(OEM,ENCLOSE,SAFE,FOLDER,NAME,FILEID,FILECATEGORIES) 
DEBUG|20/08/24 15:22:02.018|PACLI|execute|413|pool-3-thread-1|Finished PACLI execute [78ms]: FINDFILES SAFE="VaultInternal" FOLDER="Root" INCLUDESUBFOLDERS=YES DELETEDOPTION=WITHOUT_DELETED INCLUDEFILECATEGORIES=YES FILECATEGORYVALUESSEPARATOR="^" FILECATEGORIESSEPARATOR="~" OUTPUT(OEM,ENCLOSE,SAFE,FOLDER,NAME,FILEID,FILECATEGORIES) 
DEBUG|20/08/24 15:22:02.018|PACLI|execute|233|pool-3-thread-1|(useCache=true): Executing: SAFEDETAILS SAFE="SharedAuth_Internal" OUTPUT(OEM,ENCLOSE,DESCRIPTION,LOCATION,SUPPORTOLAC) 
DEBUG|20/08/24 15:22:02.080|PACLI|execute|413|pool-3-thread-1|Finished PACLI execute [62ms]: SAFEDETAILS SAFE="SharedAuth_Internal" OUTPUT(OEM,ENCLOSE,DESCRIPTION,LOCATION,SUPPORTOLAC) 
DEBUG|20/08/24 15:22:02.080|PACLI|execute|233|pool-3-thread-1|: Executing: FINDFILES SAFE="SharedAuth_Internal" FOLDER="Root" INCLUDESUBFOLDERS=YES DELETEDOPTION=WITHOUT_DELETED INCLUDEFILECATEGORIES=YES FILECATEGORYVALUESSEPARATOR="^" FILECATEGORIESSEPARATOR="~" OUTPUT(OEM,ENCLOSE,SAFE,FOLDER,NAME,FILEID,FILECATEGORIES) 
DEBUG|20/08/24 15:22:02.159|PACLI|execute|413|pool-3-thread-1|Finished PACLI execute [79ms]: FINDFILES SAFE="SharedAuth_Internal" FOLDER="Root" INCLUDESUBFOLDERS=YES DELETEDOPTION=WITHOUT_DELETED INCLUDEFILECATEGORIES=YES FILECATEGORYVALUESSEPARATOR="^" FILECATEGORIESSEPARATOR="~" OUTPUT(OEM,ENCLOSE,SAFE,FOLDER,NAME,FILEID,FILECATEGORIES) 
DEBUG|20/08/24 15:22:02.159|PACLI|execute|233|pool-3-thread-1|(useCache=true): Executing: SAFEDETAILS SAFE="PasswordManagerTemp" OUTPUT(OEM,ENCLOSE,DESCRIPTION,LOCATION,SUPPORTOLAC) 
DEBUG|20/08/24 15:22:02.221|PACLI|execute|413|pool-3-thread-1|Finished PACLI execute [62ms]: SAFEDETAILS SAFE="PasswordManagerTemp" OUTPUT(OEM,ENCLOSE,DESCRIPTION,LOCATION,SUPPORTOLAC) 
DEBUG|20/08/24 15:22:02.221|PACLI|execute|233|pool-3-thread-1|: Executing: FINDFILES SAFE="PasswordManagerTemp" FOLDER="Root" INCLUDESUBFOLDERS=YES DELETEDOPTION=WITHOUT_DELETED INCLUDEFILECATEGORIES=YES FILECATEGORYVALUESSEPARATOR="^" FILECATEGORIESSEPARATOR="~" OUTPUT(OEM,ENCLOSE,SAFE,FOLDER,NAME,FILEID,FILECATEGORIES) 
DEBUG|20/08/24 15:22:02.299|PACLI|execute|413|pool-3-thread-1|Finished PACLI execute [78ms]: FINDFILES SAFE="PasswordManagerTemp" FOLDER="Root" INCLUDESUBFOLDERS=YES DELETEDOPTION=WITHOUT_DELETED INCLUDEFILECATEGORIES=YES FILECATEGORYVALUESSEPARATOR="^" FILECATEGORIESSEPARATOR="~" OUTPUT(OEM,ENCLOSE,SAFE,FOLDER,NAME,FILEID,FILECATEGORIES) 
DEBUG|20/08/24 15:22:02.299|PACLI|execute|233|pool-3-thread-1|(useCache=true): Executing: SAFEDETAILS SAFE="AWS Instance Accts" OUTPUT(OEM,ENCLOSE,DESCRIPTION,LOCATION,SUPPORTOLAC) 
DEBUG|20/08/24 15:22:02.362|PACLI|execute|413|pool-3-thread-1|Finished PACLI execute [63ms]: SAFEDETAILS SAFE="AWS Instance Accts" OUTPUT(OEM,ENCLOSE,DESCRIPTION,LOCATION,SUPPORTOLAC) 
DEBUG|20/08/24 15:22:02.362|PACLI|execute|233|pool-3-thread-1|: Executing: FINDFILES SAFE="AWS Instance Accts" FOLDER="Root" INCLUDESUBFOLDERS=YES DELETEDOPTION=WITHOUT_DELETED INCLUDEFILECATEGORIES=YES FILECATEGORYVALUESSEPARATOR="^" FILECATEGORIESSEPARATOR="~" OUTPUT(OEM,ENCLOSE,SAFE,FOLDER,NAME,FILEID,FILECATEGORIES) 
DEBUG|20/08/24 15:22:02.440|PACLI|execute|413|pool-3-thread-1|Finished PACLI execute [78ms]: FINDFILES SAFE="AWS Instance Accts" FOLDER="Root" INCLUDESUBFOLDERS=YES DELETEDOPTION=WITHOUT_DELETED INCLUDEFILECATEGORIES=YES FILECATEGORYVALUESSEPARATOR="^" FILECATEGORIESSEPARATOR="~" OUTPUT(OEM,ENCLOSE,SAFE,FOLDER,NAME,FILEID,FILECATEGORIES) 
DEBUG|20/08/24 15:22:02.440|PACLI|execute|233|pool-3-thread-1|(useCache=true): Executing: SAFEDETAILS SAFE="PSMPLiveSessions" OUTPUT(OEM,ENCLOSE,DESCRIPTION,LOCATION,SUPPORTOLAC) 
DEBUG|20/08/24 15:22:02.518|PACLI|execute|413|pool-3-thread-1|Finished PACLI execute [78ms]: SAFEDETAILS SAFE="PSMPLiveSessions" OUTPUT(OEM,ENCLOSE,DESCRIPTION,LOCATION,SUPPORTOLAC) 
DEBUG|20/08/24 15:22:02.518|PACLI|execute|233|pool-3-thread-1|: Executing: FINDFILES SAFE="PSMPLiveSessions" FOLDER="Root" INCLUDESUBFOLDERS=YES DELETEDOPTION=WITHOUT_DELETED INCLUDEFILECATEGORIES=YES FILECATEGORYVALUESSEPARATOR="^" FILECATEGORIESSEPARATOR="~" OUTPUT(OEM,ENCLOSE,SAFE,FOLDER,NAME,FILEID,FILECATEGORIES) 
DEBUG|20/08/24 15:22:02.596|PACLI|execute|413|pool-3-thread-1|Finished PACLI execute [78ms]: FINDFILES SAFE="PSMPLiveSessions" FOLDER="Root" INCLUDESUBFOLDERS=YES DELETEDOPTION=WITHOUT_DELETED INCLUDEFILECATEGORIES=YES FILECATEGORYVALUESSEPARATOR="^" FILECATEGORIESSEPARATOR="~" OUTPUT(OEM,ENCLOSE,SAFE,FOLDER,NAME,FILEID,FILECATEGORIES) 
DEBUG|20/08/24 15:22:02.596|PACLI|execute|233|pool-3-thread-1|(useCache=true): Executing: SAFEDETAILS SAFE="SCIM Config_delete" OUTPUT(OEM,ENCLOSE,DESCRIPTION,LOCATION,SUPPORTOLAC) 
DEBUG|20/08/24 15:22:02.674|PACLI|execute|413|pool-3-thread-1|Finished PACLI execute [78ms]: SAFEDETAILS SAFE="SCIM Config_delete" OUTPUT(OEM,ENCLOSE,DESCRIPTION,LOCATION,SUPPORTOLAC) 
DEBUG|20/08/24 15:22:02.674|PACLI|execute|233|pool-3-thread-1|: Executing: FINDFILES SAFE="SCIM Config_delete" FOLDER="Root" INCLUDESUBFOLDERS=YES DELETEDOPTION=WITHOUT_DELETED INCLUDEFILECATEGORIES=YES FILECATEGORYVALUESSEPARATOR="^" FILECATEGORIESSEPARATOR="~" OUTPUT(OEM,ENCLOSE,SAFE,FOLDER,NAME,FILEID,FILECATEGORIES) 
DEBUG|20/08/24 15:22:02.752|PACLI|execute|413|pool-3-thread-1|Finished PACLI execute [78ms]: FINDFILES SAFE="SCIM Config_delete" FOLDER="Root" INCLUDESUBFOLDERS=YES DELETEDOPTION=WITHOUT_DELETED INCLUDEFILECATEGORIES=YES FILECATEGORYVALUESSEPARATOR="^" FILECATEGORIESSEPARATOR="~" OUTPUT(OEM,ENCLOSE,SAFE,FOLDER,NAME,FILEID,FILECATEGORIES) 
DEBUG|20/08/24 15:22:02.752|PACLI|execute|233|pool-3-thread-1|(useCache=true): Executing: SAFEDETAILS SAFE="SCIM Config_delelelete" OUTPUT(OEM,ENCLOSE,DESCRIPTION,LOCATION,SUPPORTOLAC) 
DEBUG|20/08/24 15:22:02.815|PACLI|execute|413|pool-3-thread-1|Finished PACLI execute [63ms]: SAFEDETAILS SAFE="SCIM Config_delelelete" OUTPUT(OEM,ENCLOSE,DESCRIPTION,LOCATION,SUPPORTOLAC) 
DEBUG|20/08/24 15:22:02.815|PACLI|execute|233|pool-3-thread-1|: Executing: FINDFILES SAFE="SCIM Config_delelelete" FOLDER="Root" INCLUDESUBFOLDERS=YES DELETEDOPTION=WITHOUT_DELETED INCLUDEFILECATEGORIES=YES FILECATEGORYVALUESSEPARATOR="^" FILECATEGORIESSEPARATOR="~" OUTPUT(OEM,ENCLOSE,SAFE,FOLDER,NAME,FILEID,FILECATEGORIES) 
DEBUG|20/08/24 15:22:02.893|PACLI|execute|413|pool-3-thread-1|Finished PACLI execute [78ms]: FINDFILES SAFE="SCIM Config_delelelete" FOLDER="Root" INCLUDESUBFOLDERS=YES DELETEDOPTION=WITHOUT_DELETED INCLUDEFILECATEGORIES=YES FILECATEGORYVALUESSEPARATOR="^" FILECATEGORIESSEPARATOR="~" OUTPUT(OEM,ENCLOSE,SAFE,FOLDER,NAME,FILEID,FILECATEGORIES) 
DEBUG|20/08/24 15:22:02.909|PACLI|execute|233|pool-3-thread-1|(useCache=true): Executing: SAFEDETAILS SAFE="SCIM Config" OUTPUT(OEM,ENCLOSE,DESCRIPTION,LOCATION,SUPPORTOLAC) 
DEBUG|20/08/24 15:22:02.972|PACLI|execute|413|pool-3-thread-1|Finished PACLI execute [63ms]: SAFEDETAILS SAFE="SCIM Config" OUTPUT(OEM,ENCLOSE,DESCRIPTION,LOCATION,SUPPORTOLAC) 
DEBUG|20/08/24 15:22:02.972|PACLI|execute|233|pool-3-thread-1|: Executing: FINDFILES SAFE="SCIM Config" FOLDER="Root" INCLUDESUBFOLDERS=YES DELETEDOPTION=WITHOUT_DELETED INCLUDEFILECATEGORIES=YES FILECATEGORYVALUESSEPARATOR="^" FILECATEGORIESSEPARATOR="~" OUTPUT(OEM,ENCLOSE,SAFE,FOLDER,NAME,FILEID,FILECATEGORIES) 
DEBUG|20/08/24 15:22:03.049|PACLI|execute|413|pool-3-thread-1|Finished PACLI execute [77ms]: FINDFILES SAFE="SCIM Config" FOLDER="Root" INCLUDESUBFOLDERS=YES DELETEDOPTION=WITHOUT_DELETED INCLUDEFILECATEGORIES=YES FILECATEGORYVALUESSEPARATOR="^" FILECATEGORIESSEPARATOR="~" OUTPUT(OEM,ENCLOSE,SAFE,FOLDER,NAME,FILEID,FILECATEGORIES) 
DEBUG|20/08/24 15:22:03.049|ContainerService|listWithoutSafeEquality|427|pool-3-thread-1|Finished List Execution
INFO |20/08/24 15:22:03.049|RebuildCacheScheduler|autoRefreshEndpoint|161|pool-3-thread-1|Total Results for Endpoint: 8   pagesize=200
INFO |20/08/24 15:22:03.049|RebuildCacheScheduler|autoRefreshEndpoint|170|pool-3-thread-1|Finished Endpoint Containers [1 secs, totalResults=8]
INFO |20/08/24 15:22:03.049|RebuildCacheScheduler|autoRefreshEndpoint|158|pool-3-thread-1|Refreshing Endpoint ContainerPermissions
DEBUG|20/08/24 15:22:03.049|PACLI|execute|210|pool-3-thread-1|==> Using Cache for SAFESLIST OUTPUT(OEM,ENCLOSE,NAME)
DEBUG|20/08/24 15:22:03.065|PACLI|execute|413|pool-3-thread-1|Finished PACLI execute [16ms]: SAFESLIST OUTPUT(OEM,ENCLOSE,NAME)
DEBUG|20/08/24 15:22:03.065|ContainerPermissionService|list|189|pool-3-thread-1|*** Number of Batches: 1
DEBUG|20/08/24 15:22:03.065|PACLI|execute|233|pool-3-thread-1|(useCache=true): Executing: OWNERSLIST SAFEPATTERN="VaultInternal" OWNERPATTERN="*" INCLUDEGROUPMEMBERS=NO OUTPUT(OEM,ENCLOSE,SAFENAME,NAME,GROUP,ACCESSLEVEL) 
DEBUG|20/08/24 15:22:03.143|PACLI|execute|413|pool-3-thread-1|Finished PACLI execute [78ms]: OWNERSLIST SAFEPATTERN="VaultInternal" OWNERPATTERN="*" INCLUDEGROUPMEMBERS=NO OUTPUT(OEM,ENCLOSE,SAFENAME,NAME,GROUP,ACCESSLEVEL) 
DEBUG|20/08/24 15:22:03.143|PACLI|execute|233|pool-3-thread-1|(useCache=true): Executing: OWNERSLIST SAFEPATTERN="SharedAuth_Internal" OWNERPATTERN="*" INCLUDEGROUPMEMBERS=NO OUTPUT(OEM,ENCLOSE,SAFENAME,NAME,GROUP,ACCESSLEVEL) 
DEBUG|20/08/24 15:22:03.221|PACLI|execute|413|pool-3-thread-1|Finished PACLI execute [78ms]: OWNERSLIST SAFEPATTERN="SharedAuth_Internal" OWNERPATTERN="*" INCLUDEGROUPMEMBERS=NO OUTPUT(OEM,ENCLOSE,SAFENAME,NAME,GROUP,ACCESSLEVEL) 
DEBUG|20/08/24 15:22:03.221|PACLI|execute|233|pool-3-thread-1|(useCache=true): Executing: OWNERSLIST SAFEPATTERN="PasswordManagerTemp" OWNERPATTERN="*" INCLUDEGROUPMEMBERS=NO OUTPUT(OEM,ENCLOSE,SAFENAME,NAME,GROUP,ACCESSLEVEL) 
DEBUG|20/08/24 15:22:03.299|PACLI|execute|413|pool-3-thread-1|Finished PACLI execute [78ms]: OWNERSLIST SAFEPATTERN="PasswordManagerTemp" OWNERPATTERN="*" INCLUDEGROUPMEMBERS=NO OUTPUT(OEM,ENCLOSE,SAFENAME,NAME,GROUP,ACCESSLEVEL) 
DEBUG|20/08/24 15:22:03.299|PACLI|execute|233|pool-3-thread-1|(useCache=true): Executing: OWNERSLIST SAFEPATTERN="AWS Instance Accts" OWNERPATTERN="*" INCLUDEGROUPMEMBERS=NO OUTPUT(OEM,ENCLOSE,SAFENAME,NAME,GROUP,ACCESSLEVEL) 
DEBUG|20/08/24 15:22:03.377|PACLI|execute|413|pool-3-thread-1|Finished PACLI execute [78ms]: OWNERSLIST SAFEPATTERN="AWS Instance Accts" OWNERPATTERN="*" INCLUDEGROUPMEMBERS=NO OUTPUT(OEM,ENCLOSE,SAFENAME,NAME,GROUP,ACCESSLEVEL) 
DEBUG|20/08/24 15:22:03.377|PACLI|execute|233|pool-3-thread-1|(useCache=true): Executing: OWNERSLIST SAFEPATTERN="PSMPLiveSessions" OWNERPATTERN="*" INCLUDEGROUPMEMBERS=NO OUTPUT(OEM,ENCLOSE,SAFENAME,NAME,GROUP,ACCESSLEVEL) 
DEBUG|20/08/24 15:22:03.456|PACLI|execute|413|pool-3-thread-1|Finished PACLI execute [79ms]: OWNERSLIST SAFEPATTERN="PSMPLiveSessions" OWNERPATTERN="*" INCLUDEGROUPMEMBERS=NO OUTPUT(OEM,ENCLOSE,SAFENAME,NAME,GROUP,ACCESSLEVEL) 
DEBUG|20/08/24 15:22:03.456|PACLI|execute|233|pool-3-thread-1|(useCache=true): Executing: OWNERSLIST SAFEPATTERN="SCIM Config_delete" OWNERPATTERN="*" INCLUDEGROUPMEMBERS=NO OUTPUT(OEM,ENCLOSE,SAFENAME,NAME,GROUP,ACCESSLEVEL) 
DEBUG|20/08/24 15:22:03.534|PACLI|execute|413|pool-3-thread-1|Finished PACLI execute [78ms]: OWNERSLIST SAFEPATTERN="SCIM Config_delete" OWNERPATTERN="*" INCLUDEGROUPMEMBERS=NO OUTPUT(OEM,ENCLOSE,SAFENAME,NAME,GROUP,ACCESSLEVEL) 
DEBUG|20/08/24 15:22:03.549|PACLI|execute|233|pool-3-thread-1|(useCache=true): Executing: OWNERSLIST SAFEPATTERN="SCIM Config_delelelete" OWNERPATTERN="*" INCLUDEGROUPMEMBERS=NO OUTPUT(OEM,ENCLOSE,SAFENAME,NAME,GROUP,ACCESSLEVEL) 
DEBUG|20/08/24 15:22:03.627|PACLI|execute|413|pool-3-thread-1|Finished PACLI execute [78ms]: OWNERSLIST SAFEPATTERN="SCIM Config_delelelete" OWNERPATTERN="*" INCLUDEGROUPMEMBERS=NO OUTPUT(OEM,ENCLOSE,SAFENAME,NAME,GROUP,ACCESSLEVEL) 
DEBUG|20/08/24 15:22:03.627|PACLI|execute|233|pool-3-thread-1|(useCache=true): Executing: OWNERSLIST SAFEPATTERN="SCIM Config" OWNERPATTERN="*" INCLUDEGROUPMEMBERS=NO OUTPUT(OEM,ENCLOSE,SAFENAME,NAME,GROUP,ACCESSLEVEL) 
DEBUG|20/08/24 15:22:03.706|PACLI|execute|413|pool-3-thread-1|Finished PACLI execute [79ms]: OWNERSLIST SAFEPATTERN="SCIM Config" OWNERPATTERN="*" INCLUDEGROUPMEMBERS=NO OUTPUT(OEM,ENCLOSE,SAFENAME,NAME,GROUP,ACCESSLEVEL) 
DEBUG|20/08/24 15:22:03.706|ContainerPermissionService|list|303|pool-3-thread-1|Finished List Execution
INFO |20/08/24 15:22:03.706|RebuildCacheScheduler|autoRefreshEndpoint|161|pool-3-thread-1|Total Results for Endpoint: 28   pagesize=200
INFO |20/08/24 15:22:03.706|RebuildCacheScheduler|autoRefreshEndpoint|170|pool-3-thread-1|Finished Endpoint ContainerPermissions [0 secs, totalResults=28]
INFO |20/08/24 15:22:03.706|RebuildCacheScheduler|autoRefreshEndpoint|158|pool-3-thread-1|Refreshing Endpoint PrivilegedData
DEBUG|20/08/24 15:22:03.706|PACLI|execute|210|pool-3-thread-1|==> Using Cache for SAFESLIST OUTPUT(OEM,ENCLOSE,NAME)
DEBUG|20/08/24 15:22:03.706|PACLI|execute|413|pool-3-thread-1|Finished PACLI execute [0ms]: SAFESLIST OUTPUT(OEM,ENCLOSE,NAME)
DEBUG|20/08/24 15:22:03.706|PrivilegedDataService|list|191|pool-3-thread-1|*** Number of Batches: 1
DEBUG|20/08/24 15:22:03.706|PACLI|execute|233|pool-3-thread-1|(useCache=true): Executing: FINDFILES SAFE="VaultInternal" FOLDER="Root" INCLUDESUBFOLDERS=YES DELETEDOPTION=WITHOUT_DELETED INCLUDEFILECATEGORIES=YES FILECATEGORYVALUESSEPARATOR="^" FILECATEGORIESSEPARATOR="~" OUTPUT(OEM,ENCLOSE,SAFE,FOLDER,NAME,FILEID,FILECATEGORIES) 
DEBUG|20/08/24 15:22:03.784|PACLI|execute|413|pool-3-thread-1|Finished PACLI execute [78ms]: FINDFILES SAFE="VaultInternal" FOLDER="Root" INCLUDESUBFOLDERS=YES DELETEDOPTION=WITHOUT_DELETED INCLUDEFILECATEGORIES=YES FILECATEGORYVALUESSEPARATOR="^" FILECATEGORIESSEPARATOR="~" OUTPUT(OEM,ENCLOSE,SAFE,FOLDER,NAME,FILEID,FILECATEGORIES) 
DEBUG|20/08/24 15:22:03.784|PACLI|execute|233|pool-3-thread-1|(useCache=true): Executing: FINDFILES SAFE="SharedAuth_Internal" FOLDER="Root" INCLUDESUBFOLDERS=YES DELETEDOPTION=WITHOUT_DELETED INCLUDEFILECATEGORIES=YES FILECATEGORYVALUESSEPARATOR="^" FILECATEGORIESSEPARATOR="~" OUTPUT(OEM,ENCLOSE,SAFE,FOLDER,NAME,FILEID,FILECATEGORIES) 
DEBUG|20/08/24 15:22:03.862|PACLI|execute|413|pool-3-thread-1|Finished PACLI execute [78ms]: FINDFILES SAFE="SharedAuth_Internal" FOLDER="Root" INCLUDESUBFOLDERS=YES DELETEDOPTION=WITHOUT_DELETED INCLUDEFILECATEGORIES=YES FILECATEGORYVALUESSEPARATOR="^" FILECATEGORIESSEPARATOR="~" OUTPUT(OEM,ENCLOSE,SAFE,FOLDER,NAME,FILEID,FILECATEGORIES) 
DEBUG|20/08/24 15:22:03.862|PACLI|execute|233|pool-3-thread-1|(useCache=true): Executing: FINDFILES SAFE="PasswordManagerTemp" FOLDER="Root" INCLUDESUBFOLDERS=YES DELETEDOPTION=WITHOUT_DELETED INCLUDEFILECATEGORIES=YES FILECATEGORYVALUESSEPARATOR="^" FILECATEGORIESSEPARATOR="~" OUTPUT(OEM,ENCLOSE,SAFE,FOLDER,NAME,FILEID,FILECATEGORIES) 
DEBUG|20/08/24 15:22:03.940|PACLI|execute|413|pool-3-thread-1|Finished PACLI execute [78ms]: FINDFILES SAFE="PasswordManagerTemp" FOLDER="Root" INCLUDESUBFOLDERS=YES DELETEDOPTION=WITHOUT_DELETED INCLUDEFILECATEGORIES=YES FILECATEGORYVALUESSEPARATOR="^" FILECATEGORIESSEPARATOR="~" OUTPUT(OEM,ENCLOSE,SAFE,FOLDER,NAME,FILEID,FILECATEGORIES) 
DEBUG|20/08/24 15:22:03.940|PACLI|execute|233|pool-3-thread-1|(useCache=true): Executing: FINDFILES SAFE="AWS Instance Accts" FOLDER="Root" INCLUDESUBFOLDERS=YES DELETEDOPTION=WITHOUT_DELETED INCLUDEFILECATEGORIES=YES FILECATEGORYVALUESSEPARATOR="^" FILECATEGORIESSEPARATOR="~" OUTPUT(OEM,ENCLOSE,SAFE,FOLDER,NAME,FILEID,FILECATEGORIES) 
DEBUG|20/08/24 15:22:04.018|PACLI|execute|413|pool-3-thread-1|Finished PACLI execute [78ms]: FINDFILES SAFE="AWS Instance Accts" FOLDER="Root" INCLUDESUBFOLDERS=YES DELETEDOPTION=WITHOUT_DELETED INCLUDEFILECATEGORIES=YES FILECATEGORYVALUESSEPARATOR="^" FILECATEGORIESSEPARATOR="~" OUTPUT(OEM,ENCLOSE,SAFE,FOLDER,NAME,FILEID,FILECATEGORIES) 
DEBUG|20/08/24 15:22:04.018|PACLI|execute|233|pool-3-thread-1|(useCache=true): Executing: FINDFILES SAFE="PSMPLiveSessions" FOLDER="Root" INCLUDESUBFOLDERS=YES DELETEDOPTION=WITHOUT_DELETED INCLUDEFILECATEGORIES=YES FILECATEGORYVALUESSEPARATOR="^" FILECATEGORIESSEPARATOR="~" OUTPUT(OEM,ENCLOSE,SAFE,FOLDER,NAME,FILEID,FILECATEGORIES) 
DEBUG|20/08/24 15:22:04.112|PACLI|execute|413|pool-3-thread-1|Finished PACLI execute [94ms]: FINDFILES SAFE="PSMPLiveSessions" FOLDER="Root" INCLUDESUBFOLDERS=YES DELETEDOPTION=WITHOUT_DELETED INCLUDEFILECATEGORIES=YES FILECATEGORYVALUESSEPARATOR="^" FILECATEGORIESSEPARATOR="~" OUTPUT(OEM,ENCLOSE,SAFE,FOLDER,NAME,FILEID,FILECATEGORIES) 
DEBUG|20/08/24 15:22:04.112|PACLI|execute|233|pool-3-thread-1|(useCache=true): Executing: FINDFILES SAFE="SCIM Config_delete" FOLDER="Root" INCLUDESUBFOLDERS=YES DELETEDOPTION=WITHOUT_DELETED INCLUDEFILECATEGORIES=YES FILECATEGORYVALUESSEPARATOR="^" FILECATEGORIESSEPARATOR="~" OUTPUT(OEM,ENCLOSE,SAFE,FOLDER,NAME,FILEID,FILECATEGORIES) 
DEBUG|20/08/24 15:22:04.190|PACLI|execute|413|pool-3-thread-1|Finished PACLI execute [78ms]: FINDFILES SAFE="SCIM Config_delete" FOLDER="Root" INCLUDESUBFOLDERS=YES DELETEDOPTION=WITHOUT_DELETED INCLUDEFILECATEGORIES=YES FILECATEGORYVALUESSEPARATOR="^" FILECATEGORIESSEPARATOR="~" OUTPUT(OEM,ENCLOSE,SAFE,FOLDER,NAME,FILEID,FILECATEGORIES) 
DEBUG|20/08/24 15:22:04.190|PACLI|execute|233|pool-3-thread-1|(useCache=true): Executing: FINDFILES SAFE="SCIM Config_delelelete" FOLDER="Root" INCLUDESUBFOLDERS=YES DELETEDOPTION=WITHOUT_DELETED INCLUDEFILECATEGORIES=YES FILECATEGORYVALUESSEPARATOR="^" FILECATEGORIESSEPARATOR="~" OUTPUT(OEM,ENCLOSE,SAFE,FOLDER,NAME,FILEID,FILECATEGORIES) 
DEBUG|20/08/24 15:22:04.268|PACLI|execute|413|pool-3-thread-1|Finished PACLI execute [78ms]: FINDFILES SAFE="SCIM Config_delelelete" FOLDER="Root" INCLUDESUBFOLDERS=YES DELETEDOPTION=WITHOUT_DELETED INCLUDEFILECATEGORIES=YES FILECATEGORYVALUESSEPARATOR="^" FILECATEGORIESSEPARATOR="~" OUTPUT(OEM,ENCLOSE,SAFE,FOLDER,NAME,FILEID,FILECATEGORIES) 
DEBUG|20/08/24 15:22:04.284|PACLI|execute|233|pool-3-thread-1|(useCache=true): Executing: FINDFILES SAFE="SCIM Config" FOLDER="Root" INCLUDESUBFOLDERS=YES DELETEDOPTION=WITHOUT_DELETED INCLUDEFILECATEGORIES=YES FILECATEGORYVALUESSEPARATOR="^" FILECATEGORIESSEPARATOR="~" OUTPUT(OEM,ENCLOSE,SAFE,FOLDER,NAME,FILEID,FILECATEGORIES) 
DEBUG|20/08/24 15:22:04.362|PACLI|execute|413|pool-3-thread-1|Finished PACLI execute [94ms]: FINDFILES SAFE="SCIM Config" FOLDER="Root" INCLUDESUBFOLDERS=YES DELETEDOPTION=WITHOUT_DELETED INCLUDEFILECATEGORIES=YES FILECATEGORYVALUESSEPARATOR="^" FILECATEGORIESSEPARATOR="~" OUTPUT(OEM,ENCLOSE,SAFE,FOLDER,NAME,FILEID,FILECATEGORIES) 
DEBUG|20/08/24 15:22:04.362|PrivilegedDataService|list|357|pool-3-thread-1|Finished List Execution
INFO |20/08/24 15:22:04.362|RebuildCacheScheduler|autoRefreshEndpoint|161|pool-3-thread-1|Total Results for Endpoint: 11   pagesize=200
INFO |20/08/24 15:22:04.362|RebuildCacheScheduler|autoRefreshEndpoint|170|pool-3-thread-1|Finished Endpoint PrivilegedData [0 secs, totalResults=11]
INFO |20/08/24 15:22:04.362|RebuildCacheScheduler|doRun|134|pool-3-thread-1|Finished Auto-Refresh [5 secs]
